{"/home/larissa/Estudos/branas/aula01_refactoring/src/main.ts": {"path":"/home/larissa/Estudos/branas/aula01_refactoring/src/main.ts","statementMap":{"0":{"start":{"line":5,"column":14},"end":{"line":5,"column":15}},"1":{"start":{"line":6,"column":1},"end":{"line":43,"column":null}},"2":{"start":{"line":7,"column":2},"end":{"line":41,"column":null}},"3":{"start":{"line":8,"column":3},"end":{"line":36,"column":null}},"4":{"start":{"line":12,"column":4},"end":{"line":32,"column":null}},"5":{"start":{"line":15,"column":5},"end":{"line":22,"column":null}},"6":{"start":{"line":17,"column":6},"end":{"line":17,"column":37}},"7":{"start":{"line":20,"column":6},"end":{"line":20,"column":34}},"8":{"start":{"line":25,"column":5},"end":{"line":31,"column":null}},"9":{"start":{"line":27,"column":6},"end":{"line":27,"column":36}},"10":{"start":{"line":30,"column":6},"end":{"line":30,"column":37}},"11":{"start":{"line":35,"column":4},"end":{"line":35,"column":14}},"12":{"start":{"line":40,"column":3},"end":{"line":40,"column":13}},"13":{"start":{"line":44,"column":1},"end":{"line":48,"column":null}},"14":{"start":{"line":45,"column":2},"end":{"line":45,"column":12}},"15":{"start":{"line":47,"column":2},"end":{"line":47,"column":16}},"16":{"start":{"line":4,"column":0},"end":{"line":4,"column":16}}},"fnMap":{"0":{"name":"calc","decl":{"start":{"line":4,"column":16},"end":{"line":4,"column":20}},"loc":{"start":{"line":4,"column":30},"end":{"line":49,"column":1}}}},"branchMap":{"0":{"loc":{"start":{"line":7,"column":2},"end":{"line":41,"column":null}},"type":"if","locations":[{"start":{"line":7,"column":2},"end":{"line":41,"column":null}},{"start":{"line":37,"column":9},"end":{"line":41,"column":null}}]},"1":{"loc":{"start":{"line":7,"column":6},"end":{"line":7,"column":115}},"type":"binary-expr","locations":[{"start":{"line":7,"column":6},"end":{"line":7,"column":27}},{"start":{"line":7,"column":31},"end":{"line":7,"column":57}},{"start":{"line":7,"column":61},"end":{"line":7,"column":94}},{"start":{"line":7,"column":98},"end":{"line":7,"column":115}}]},"2":{"loc":{"start":{"line":8,"column":3},"end":{"line":36,"column":null}},"type":"if","locations":[{"start":{"line":8,"column":3},"end":{"line":36,"column":null}},{"start":{"line":33,"column":10},"end":{"line":36,"column":null}}]},"3":{"loc":{"start":{"line":8,"column":7},"end":{"line":8,"column":146}},"type":"binary-expr","locations":[{"start":{"line":8,"column":7},"end":{"line":8,"column":30}},{"start":{"line":8,"column":34},"end":{"line":8,"column":62}},{"start":{"line":8,"column":66},"end":{"line":8,"column":97}},{"start":{"line":8,"column":101},"end":{"line":8,"column":146}}]},"4":{"loc":{"start":{"line":12,"column":4},"end":{"line":32,"column":null}},"type":"if","locations":[{"start":{"line":12,"column":4},"end":{"line":32,"column":null}},{"start":{"line":23,"column":11},"end":{"line":32,"column":null}}]},"5":{"loc":{"start":{"line":12,"column":8},"end":{"line":12,"column":75}},"type":"binary-expr","locations":[{"start":{"line":12,"column":8},"end":{"line":12,"column":40}},{"start":{"line":12,"column":44},"end":{"line":12,"column":75}}]},"6":{"loc":{"start":{"line":15,"column":5},"end":{"line":22,"column":null}},"type":"if","locations":[{"start":{"line":15,"column":5},"end":{"line":22,"column":null}},{"start":{"line":19,"column":12},"end":{"line":22,"column":null}}]},"7":{"loc":{"start":{"line":25,"column":5},"end":{"line":31,"column":null}},"type":"if","locations":[{"start":{"line":25,"column":5},"end":{"line":31,"column":null}},{"start":{"line":29,"column":12},"end":{"line":31,"column":null}}]},"8":{"loc":{"start":{"line":44,"column":1},"end":{"line":48,"column":null}},"type":"if","locations":[{"start":{"line":44,"column":1},"end":{"line":48,"column":null}},{"start":{"line":46,"column":8},"end":{"line":48,"column":null}}]}},"s":{"0":7,"1":7,"2":7,"3":6,"4":5,"5":3,"6":1,"7":2,"8":2,"9":1,"10":1,"11":1,"12":1,"13":5,"14":1,"15":4,"16":1},"f":{"0":7},"b":{"0":[6,1],"1":[7,7,7,7],"2":[5,1],"3":[6,6,6,6],"4":[3,2],"5":[5,2],"6":[1,2],"7":[1,1],"8":[1,4]}}
}
