TN:
SF:../../src/main.ts
FN:4,calc
FNF:1
FNH:1
FNDA:7,calc
DA:4,1
DA:5,7
DA:6,7
DA:7,7
DA:8,6
DA:12,5
DA:15,3
DA:17,1
DA:20,2
DA:25,2
DA:27,1
DA:30,1
DA:35,1
DA:40,1
DA:44,5
DA:45,1
DA:47,4
LF:17
LH:17
BRDA:7,0,0,6
BRDA:7,0,1,1
BRDA:7,1,0,7
BRDA:7,1,1,7
BRDA:7,1,2,7
BRDA:7,1,3,7
BRDA:8,2,0,5
BRDA:8,2,1,1
BRDA:8,3,0,6
BRDA:8,3,1,6
BRDA:8,3,2,6
BRDA:8,3,3,6
BRDA:12,4,0,3
BRDA:12,4,1,2
BRDA:12,5,0,5
BRDA:12,5,1,2
BRDA:15,6,0,1
BRDA:15,6,1,2
BRDA:25,7,0,1
BRDA:25,7,1,1
BRDA:44,8,0,1
BRDA:44,8,1,4
BRF:22
BRH:22
end_of_record
