TN:
SF:src/main.ts
FN:2,validate
FN:14,(anonymous_1)
FNF:2
FNH:2
FNDA:2,validate
FNDA:6,(anonymous_1)
DA:2,1
DA:4,2
DA:5,2
DA:6,2
DA:8,2
DA:14,6
DA:15,2
DA:20,2
DA:21,2
DA:23,2
DA:28,17
DA:29,17
DA:31,17
DA:35,2
DA:37,2
DA:38,2
DA:39,2
DA:40,2
DA:41,0
DA:43,2
DA:45,2
DA:46,2
DA:47,2
DA:49,0
DA:51,0
DA:53,0
DA:55,0
DA:59,0
LF:28
LH:22
BRDA:4,0,0,2
BRDA:4,0,1,0
BRDA:5,1,0,2
BRDA:6,2,0,2
BRDA:6,2,1,0
BRDA:6,3,0,2
BRDA:6,3,1,0
BRDA:14,4,0,2
BRDA:14,4,1,0
BRDA:37,5,0,0
BRDA:37,5,1,2
BRDA:40,6,0,0
BRDA:40,6,1,2
BRF:13
BRH:7
end_of_record
TN:
SF:src/minhaVersao/Product.ts
FN:3,(anonymous_0)
FN:5,(anonymous_1)
FNF:2
FNH:2
FNDA:3,(anonymous_0)
FNDA:3,(anonymous_1)
DA:1,1
DA:3,3
DA:6,3
DA:8,3
LF:4
LH:4
BRF:0
BRH:0
end_of_record
